<?xml version="1.0" encoding="UTF-8"?>
<testsuite name="com.poc.vault.VaultApplicationTests" tests="1" skipped="0" failures="0" errors="0" timestamp="2024-06-14T10:51:23" hostname="LM0C02FP6EWML7H.local" time="0.785">
  <properties/>
  <testcase name="contextLoads()" classname="com.poc.vault.VaultApplicationTests" time="0.785"/>
  <system-out><![CDATA[17:51:17.497 [Test worker] INFO org.springframework.test.context.support.AnnotationConfigContextLoaderUtils -- Could not detect default configuration classes for test class [com.poc.vault.VaultApplicationTests]: VaultApplicationTests does not declare any static, non-private, non-final, nested classes annotated with @Configuration.
17:51:17.632 [Test worker] INFO org.springframework.boot.test.context.SpringBootTestContextBootstrapper -- Found @SpringBootConfiguration com.poc.vault.VaultApplication for test class com.poc.vault.VaultApplicationTests

  .   ____          _            __ _ _
 /\\ / ___'_ __ _ _(_)_ __  __ _ \ \ \ \
( ( )\___ | '_ | '_| | '_ \/ _` | \ \ \ \
 \\/  ___)| |_)| | | | | || (_| |  ) ) ) )
  '  |____| .__|_| |_|_| |_\__, | / / / /
 =========|_|==============|___/=/_/_/_/
 :: Spring Boot ::                (v3.2.6)

2024-06-14T17:51:19.566+07:00  INFO 55347 --- [vault] [    Test worker] com.poc.vault.VaultApplicationTests      : Starting VaultApplicationTests using Java 17.0.11 with PID 55347 (started by 11490075 in /Users/11490075/Documents/Poc/vault)
2024-06-14T17:51:19.569+07:00  INFO 55347 --- [vault] [    Test worker] com.poc.vault.VaultApplicationTests      : No active profile set, falling back to 1 default profile: "default"
2024-06-14T17:51:20.573+07:00  INFO 55347 --- [vault] [    Test worker] .s.d.r.c.RepositoryConfigurationDelegate : Multiple Spring Data modules found, entering strict repository configuration mode
2024-06-14T17:51:20.574+07:00  INFO 55347 --- [vault] [    Test worker] .s.d.r.c.RepositoryConfigurationDelegate : Bootstrapping Spring Data JDBC repositories in DEFAULT mode.
2024-06-14T17:51:20.595+07:00  INFO 55347 --- [vault] [    Test worker] .s.d.r.c.RepositoryConfigurationDelegate : Finished Spring Data repository scanning in 15 ms. Found 0 JDBC repository interfaces.
2024-06-14T17:51:20.606+07:00  INFO 55347 --- [vault] [    Test worker] .s.d.r.c.RepositoryConfigurationDelegate : Multiple Spring Data modules found, entering strict repository configuration mode
2024-06-14T17:51:20.608+07:00  INFO 55347 --- [vault] [    Test worker] .s.d.r.c.RepositoryConfigurationDelegate : Bootstrapping Spring Data JPA repositories in DEFAULT mode.
2024-06-14T17:51:20.615+07:00  INFO 55347 --- [vault] [    Test worker] .s.d.r.c.RepositoryConfigurationDelegate : Finished Spring Data repository scanning in 1 ms. Found 0 JPA repository interfaces.
2024-06-14T17:51:20.845+07:00  INFO 55347 --- [vault] [    Test worker] o.s.cloud.context.scope.GenericScope     : BeanFactory id=445a0377-7111-314b-9acd-ec23f0495405
2024-06-14T17:51:21.184+07:00  INFO 55347 --- [vault] [    Test worker] com.zaxxer.hikari.HikariDataSource       : HikariPool-1 - Starting...
2024-06-14T17:51:21.558+07:00  INFO 55347 --- [vault] [    Test worker] com.zaxxer.hikari.pool.HikariPool        : HikariPool-1 - Added connection org.postgresql.jdbc.PgConnection@1978b0d5
2024-06-14T17:51:21.560+07:00  INFO 55347 --- [vault] [    Test worker] com.zaxxer.hikari.HikariDataSource       : HikariPool-1 - Start completed.
2024-06-14T17:51:21.605+07:00  INFO 55347 --- [vault] [    Test worker] o.hibernate.jpa.internal.util.LogHelper  : HHH000204: Processing PersistenceUnitInfo [name: default]
2024-06-14T17:51:21.658+07:00  INFO 55347 --- [vault] [    Test worker] org.hibernate.Version                    : HHH000412: Hibernate ORM core version 6.4.8.Final
2024-06-14T17:51:21.697+07:00  INFO 55347 --- [vault] [    Test worker] o.h.c.internal.RegionFactoryInitiator    : HHH000026: Second-level cache disabled
2024-06-14T17:51:21.960+07:00  INFO 55347 --- [vault] [    Test worker] o.s.o.j.p.SpringPersistenceUnitInfo      : No LoadTimeWeaver setup: ignoring JPA class transformer
2024-06-14T17:51:22.010+07:00  WARN 55347 --- [vault] [    Test worker] org.hibernate.orm.deprecation            : HHH90000025: PostgreSQLDialect does not need to be specified explicitly using 'hibernate.dialect' (remove the property setting and it will be selected by default)
2024-06-14T17:51:22.345+07:00  INFO 55347 --- [vault] [    Test worker] o.h.e.t.j.p.i.JtaPlatformInitiator       : HHH000489: No JTA platform available (set 'hibernate.transaction.jta.platform' to enable JTA platform integration)
2024-06-14T17:51:22.351+07:00  INFO 55347 --- [vault] [    Test worker] j.LocalContainerEntityManagerFactoryBean : Initialized JPA EntityManagerFactory for persistence unit 'default'
2024-06-14T17:51:22.507+07:00  WARN 55347 --- [vault] [    Test worker] JpaBaseConfiguration$JpaWebConfiguration : spring.jpa.open-in-view is enabled by default. Therefore, database queries may be performed during view rendering. Explicitly configure spring.jpa.open-in-view to disable this warning
2024-06-14T17:51:23.066+07:00  INFO 55347 --- [vault] [    Test worker] com.poc.vault.VaultApplicationTests      : Started VaultApplicationTests in 5.226 seconds (process running for 7.387)
]]></system-out>
  <system-err><![CDATA[]]></system-err>
</testsuite>
